<?xml version="1.0" encoding="UTF-8"?>
<!-- Generated by org.testng.reporters.JUnitXMLReporter -->
<testsuite ignored="0" hostname="EPINHYDW0886" failures="0" tests="4" name="Test" time="0.044" errors="0" timestamp="2021-04-14T12:14:55 IST">
  <testcase classname="calculator.CalculatorAssignment.AppTest" name="test1" time="0.005"/>
  <testcase classname="calculator.CalculatorAssignment.AppTest" name="test1" time="0.001"/>
  <testcase classname="calculator.CalculatorAssignment.AppTest" name="test2" time="0.001"/>
  <testcase classname="calculator.CalculatorAssignment.AppTest" name="test3" time="0.0"/>
</testsuite> <!-- Test -->
