<?xml version="1.0" encoding="UTF-8"?>
<testng-results ignored="0" total="4" passed="4" failed="0" skipped="0">
  <reporter-output>
  </reporter-output>
  <suite started-at="2021-04-14T12:14:55 IST" name="Suite" finished-at="2021-04-14T12:14:55 IST" duration-ms="44">
    <groups>
      <group name="negative">
        <method signature="AppTest.test2()[pri:0, instance:calculator.CalculatorAssignment.AppTest@1ba9117e]" name="test2" class="calculator.CalculatorAssignment.AppTest"/>
      </group> <!-- negative -->
      <group name="positive">
        <method signature="AppTest.test1(java.lang.Integer,java.lang.Integer)[pri:0, instance:calculator.CalculatorAssignment.AppTest@1ba9117e]" name="test1" class="calculator.CalculatorAssignment.AppTest"/>
        <method signature="AppTest.test3()[pri:0, instance:calculator.CalculatorAssignment.AppTest@1ba9117e]" name="test3" class="calculator.CalculatorAssignment.AppTest"/>
      </group> <!-- positive -->
    </groups>
    <test started-at="2021-04-14T12:14:55 IST" name="Test" finished-at="2021-04-14T12:14:55 IST" duration-ms="44">
      <class name="calculator.CalculatorAssignment.AppTest">
        <test-method is-config="true" signature="setUp()[pri:0, instance:calculator.CalculatorAssignment.AppTest@1ba9117e]" started-at="2021-04-14T12:14:55 IST" name="setUp" finished-at="2021-04-14T12:14:55 IST" duration-ms="6" status="PASS">
          <reporter-output>
          </reporter-output>
        </test-method> <!-- setUp -->
        <test-method signature="test1(java.lang.Integer,java.lang.Integer)[pri:0, instance:calculator.CalculatorAssignment.AppTest@1ba9117e]" started-at="2021-04-14T12:14:55 IST" name="test1" data-provider="provider" finished-at="2021-04-14T12:14:55 IST" duration-ms="5" status="PASS">
          <params>
            <param index="0">
              <value>
                <![CDATA[1]]>
              </value>
            </param>
            <param index="1">
              <value>
                <![CDATA[1]]>
              </value>
            </param>
          </params>
          <reporter-output>
          </reporter-output>
        </test-method> <!-- test1 -->
        <test-method signature="test1(java.lang.Integer,java.lang.Integer)[pri:0, instance:calculator.CalculatorAssignment.AppTest@1ba9117e]" started-at="2021-04-14T12:14:55 IST" name="test1" data-provider="provider" finished-at="2021-04-14T12:14:55 IST" duration-ms="1" status="PASS">
          <params>
            <param index="0">
              <value>
                <![CDATA[2]]>
              </value>
            </param>
            <param index="1">
              <value>
                <![CDATA[2]]>
              </value>
            </param>
          </params>
          <reporter-output>
          </reporter-output>
        </test-method> <!-- test1 -->
        <test-method signature="test2()[pri:0, instance:calculator.CalculatorAssignment.AppTest@1ba9117e]" started-at="2021-04-14T12:14:55 IST" name="test2" finished-at="2021-04-14T12:14:55 IST" duration-ms="1" status="PASS">
          <reporter-output>
          </reporter-output>
        </test-method> <!-- test2 -->
        <test-method signature="test3()[pri:0, instance:calculator.CalculatorAssignment.AppTest@1ba9117e]" started-at="2021-04-14T12:14:55 IST" name="test3" finished-at="2021-04-14T12:14:55 IST" duration-ms="0" status="PASS">
          <reporter-output>
          </reporter-output>
        </test-method> <!-- test3 -->
      </class> <!-- calculator.CalculatorAssignment.AppTest -->
    </test> <!-- Test -->
  </suite> <!-- Suite -->
</testng-results>
